-------------------------------------------------------------------------------
Test set: com.epam.training.ticketservice.core.screening.ScreeningServiceImplTest
-------------------------------------------------------------------------------
Tests run: 1, Failures: 1, Errors: 0, Skipped: 0, Time elapsed: 0.179 s <<< FAILURE! - in com.epam.training.ticketservice.core.screening.ScreeningServiceImplTest
com.epam.training.ticketservice.core.screening.ScreeningServiceImplTest.testCreateScreeningShouldStoreScreeningIfInputScreeningIsValid  Time elapsed: 0.08 s  <<< FAILURE!
org.mockito.exceptions.verification.WantedButNotInvoked: 

Wanted but not invoked:
screeningRepository.save(
    Screening(id=0, movie=Shrek (animation, 169 minutes), room=RoomOne (5, 10 minutes), screeningStartDate=Mon Mar 15 10:45:00 CET 2021)
);
-> at com.epam.training.ticketservice.core.screening.ScreeningServiceImplTest.testCreateScreeningShouldStoreScreeningIfInputScreeningIsValid(ScreeningServiceImplTest.java:68)

However, there was exactly 1 interaction with this mock:
screeningRepository.findByRoom_RoomName(
    "RoomOne"
);
-> at com.epam.training.ticketservice.core.screening.ScreeningServiceImpl.createScreening(ScreeningServiceImpl.java:37)


	at com.epam.training.ticketservice.core.screening.ScreeningServiceImplTest.testCreateScreeningShouldStoreScreeningIfInputScreeningIsValid(ScreeningServiceImplTest.java:68)

